<?xml version="1.0" encoding="UTF-8"?>
<testng-results skipped="0" failed="0" total="1" passed="1">
  <reporter-output>
  </reporter-output>
  <suite name="Default suite" duration-ms="43622" started-at="2016-07-10T17:48:55Z" finished-at="2016-07-10T17:49:39Z">
    <groups>
    </groups>
    <test name="Default test" duration-ms="43622" started-at="2016-07-10T17:48:55Z" finished-at="2016-07-10T17:49:39Z">
      <class name="testcases.StartApplication">
        <test-method status="PASS" signature="test1()[pri:0, instance:testcases.StartApplication@1888ff2c]" name="test1" duration-ms="43548" started-at="2016-07-10T23:18:55Z" finished-at="2016-07-10T23:19:39Z">
          <reporter-output>
          </reporter-output>
        </test-method> <!-- test1 -->
      </class> <!-- testcases.StartApplication -->
    </test> <!-- Default test -->
  </suite> <!-- Default suite -->
</testng-results>
